<?xml version="1.0" encoding="utf-8"?><testsuites name="pytest tests"><testsuite name="pytest" errors="0" failures="0" skipped="0" tests="9" time="1.614" timestamp="2026-06-20T07:13:04.362441+00:00" hostname="agent-env-4e4622e4-745e-4f0a-ba9f-0ed2827d301c"><testcase classname="backend.tests.test_geo_energy.TestHealth" name="test_health" time="0.170" /><testcase classname="backend.tests.test_geo_energy.TestAnalyzeRegion" name="test_solar_analysis" time="0.166" /><testcase classname="backend.tests.test_geo_energy.TestAnalyzeRegion" name="test_wind_analysis" time="0.135" /><testcase classname="backend.tests.test_geo_energy.TestAnalyzeRegion" name="test_combined_analysis" time="0.131" /><testcase classname="backend.tests.test_geo_energy.TestAnalyzeRegion" name="test_summary_cards_fields" time="0.097" /><testcase classname="backend.tests.test_geo_energy.TestAnalyzeRegion" name="test_infrastructure_and_risk" time="0.129" /><testcase classname="backend.tests.test_geo_energy.TestAnalyzeRegion" name="test_heatmap_geojson_returned" time="0.096" /><testcase classname="backend.tests.test_geo_energy.TestAnalyzeRegion" name="test_invalid_energy_type" time="0.094" /><testcase classname="backend.tests.test_geo_energy.TestAnalyzeRegion" name="test_area_too_small" time="0.093" /></testsuite></testsuites>